[2026-07-06 14:53:54] [LOGISTIC_AGENT] Thinking: I'll help you preprocess the dataset and train a Logistic Regression model. Let me start by delegating the preprocessing task to the Coding Agent.
[2026-07-06 15:00:53] [LOGISTIC_AGENT] Thinking: Now let me delegate the Logistic Regression model training to the Coding Agent.
[2026-07-06 15:01:46] [LOGISTIC_AGENT] Thinking: ## Final Summary: Logistic Regression Pipeline Results

### 📊 Preprocessing Results

**Original Dataset:** 1000 rows × 14 columns  
**Target Column:** `disease` (categorical: Yes/No)  
**Final Processed Dataset:** 1000 rows × 12 columns (11 features + 1 target)  
**Output Path:** `data/processed/logistic_ready_train.csv`

**Key Processing Steps Completed:**
- ✅ Column standardization (lowercase, underscores)
- ✅ Identifier column dropped (patient_id)
- ✅ Target binarization: 'Yes' → 0, 'No' → 1 (501 vs 499 samples)
- ✅ Missing value handling: No columns with >60% missingness
- ✅ Imputation: No missing values present
- ✅ Outlier treatment: Winsorization at 1st/99th percentiles for numeric columns
- ✅ Categorical encoding: Binary mapping + one-hot encoding with drop_first
- ✅ Multicollinearity check: No highly correlated pairs, all VIF < 10.0
- ✅ Feature scaling: Z-score standardization applied

---

### 🤖 Model Training Results

**Model:** Logistic Regression  
**Parameters:** max_iter=1000, random_state=42  
**Data Split:** 80% training (800 samples) / 20% test (200 samples) with stratification  

---

### 📈 Performance Metrics

| Metric | Value |
|--------|-------|
| **Accuracy** | **0.7850** (78.5%) |
| **ROC-AUC Score** | **0.8692** (86.9%) |

| Class | Precision | Recall | F1-Score | Support |
|-------|-----------|--------|----------|---------|
| Class 0 (No disease) | **0.77** | **0.81** | **0.79** | 100 |
| Class 1 (Disease) | **0.80** | **0.76** | **0.78** | 100 |

---

### 🎯 Confusion Matrix

```
                Predicted
                Class 0  Class 1
Actual Class 0     81       19
Actual Class 1     24       76
```

**Breakdown:**
- True Negatives: 81 (correctly predicted no disease)
- False Positives: 19 (incorrectly predicted disease when none)
- False Negatives: 24 (incorrectly predicted no disease when present)
- True Positives: 76 (correctly predicted disease)

---

### ✅ Model Saved

The trained Logistic Regression model has been saved to: `data/processed/logistic_model.pkl`

---

### 📝 Analysis Summary

The Logistic Regression model demonstrates **strong performance** with:
- **78.5% overall accuracy** - correctly classifying the majority of cases
- **86.9% ROC-AUC score** - indicating excellent discriminatory power between classes
- **Balanced performance** across both classes (F1-scores of 0.79 and 0.78)
- **Slightly better precision for disease detection** (0.80) vs. recall (0.76)

The model is well-suited for binary classification of the disease outcome, with robust preprocessing ensuring data quality and feature engineering optimal for logistic regression.
[2026-07-06 15:13:01] [LINEAR_ORCHESTRATOR] Thinking: I'll begin the Linear Regression EDA workflow by executing each stage sequentially. Let me start with **Stage 0: Structural Data Cleaning**.
[2026-07-06 15:13:27] [LINEAR_ORCHESTRATOR] Thinking: **Stage 0 completed successfully!** ✓

The dataset has no identifier columns or zero-variance features, so all 14 columns are retained.

---

Now proceeding to **Stage 1: Missing Value Imputation**
[2026-07-06 15:13:58] [LINEAR_ORCHESTRATOR] Thinking: **Stage 1 completed successfully!** ✓

No missing values were found in the dataset, so all data remains unchanged.

---

Now proceeding to **Stage 2: Outlier Treatment**
[2026-07-06 15:15:50] [LINEAR_ORCHESTRATOR] Thinking: **Stage 2 completed successfully!** ✓

No outliers were detected in any numerical columns, so no capping was necessary.

---

Now proceeding to **Stage 3: Skewness Correction**
[2026-07-06 15:16:19] [LINEAR_ORCHESTRATOR] Thinking: **Stage 3 completed successfully!** ✓

All numerical columns have skewness within the acceptable range (|skew| ≤ 1), so no log transformations were needed.

---

Now proceeding to **Stage 4: Categorical Encoding**</think>
[2026-07-06 15:17:02] [LINEAR_ORCHESTRATOR] Thinking: **Stage 4 completed successfully!** ✓

One-Hot Encoding with `drop_first=True` has been applied. The dataset now has 15 columns.

---

Now proceeding to **Stage 5: Multicollinearity Audit (VIF)**
