[2026-07-06 14:53:54] [LOGISTIC_AGENT] CALLING TOOL: Coding_Agent({"request": "Please preprocess the dataset for logistic regression training. The dataset is located at '/home/allen20306/allen/ADEP/ADEP2.0/data/raw/raw_dataset.csv' and the target column is 'disease'. \n\nExecute the following EXACT pipeline in order:\n\na. Load the ENTIRE dataset using pd.read_csv(). Separate the target column from the features.\nb. Target Binarization: If the target has exactly 2 unique values, map them to 0 and 1. If it is numeric with >2 unique values, collapse it to binary (values > 0 become 1, else 0).\nc. Column Standardization & Pruning: \n   - Convert all column names to lowercase and replace spaces with underscores.\n   - Drop identifier columns: any column named 'id', 'uuid', 'pk', 'key', 'index', 'name', 'ticket', 'cabin', or ending in '_id'.\n   - Drop extreme cardinality text: Drop any non-numeric column that has more than 100 unique values.\n   - Force types: Convert columns to float if numeric, else string.\nd. Missingness Drop: Drop any feature column where more than 60% (0.60) of the values are missing.\ne. Imputation: \n   - For missing categorical values: Impute with the mode.\n   - For missing numeric values: Calculate the skewness. If abs(skew) > 0.5, impute with the median. Otherwise, impute with the mean.\nf. Outlier Treatment: \n   - For numeric columns where skewness > 1.0 AND all values are >= 0: apply a log1p transformation (np.log1p).\n   - For all other numeric columns: Clip (Winsorize) the values at the 1st (0.01) and 99th (0.99) percentiles.\ng. Categorical Encoding: \n   - Map binary text categories (exactly 2 unique values) to 0 and 1.\n   - One-hot encode remaining nominal categories. You MUST drop the first reference category (e.g., using `drop_first=True` in pd.get_dummies) to prevent the dummy variable trap.\nh. Multicollinearity Filter: \n   - Drop constant columns (standard deviation approx 0).\n   - Calculate a Pearson correlation matrix. If a pair of features has abs(correlation) > 0.8, drop one of them.\n   - Run a Variance Inflation Factor (VIF) check. Iteratively drop features with a VIF > 10.0 until all remaining features are below 10.0.\ni. Scaling: Standardize all remaining numerical features using Z-score scaling (StandardScaler).\nj. Merge the processed features and binary target back together, save to 'data/processed/logistic_ready_train.csv' (ensure the variable is named `df`), and append these exact lines at the end:\n   SHARED_GLOBALS['logistic_processed_path'] = 'data/processed/logistic_ready_train.csv'\n   SHARED_GLOBALS['logistic_processed_shape'] = df.shape\n\nCRITICAL: \n- Load 100% of the dataset - do NOT use nrows, .head(), .sample(), or any truncation.\n- Process the actual dataframe from the CSV - do NOT create mock data.\n- Ensure the output directory exists before saving."})
[2026-07-06 15:00:41] [LOGISTIC_AGENT] TOOL RESULT: Coding_Agent returned:
The preprocessing pipeline has been executed successfully. Here's a summary of what was accomplished:

## Pipeline Execution Summary

### Dataset Loading
- **Original shape**: 1000 rows, 14 columns
- **Target column**: 'disease' (categorical: Yes/No)

### Target Binarization
- Mapped 'Yes' → 0, 'No' → 1
- Final distribution: 501 class 0, 499 class 1

### Feature Processing Steps
1. **Column Standardization**: Converted all columns to lowercase with underscores
2. **Identifier Drop**: Removed 'patient_id' (ends with _id)
3. **Type Forcing**: Converted numeric columns to float, categorical to string
4. **Missingness Drop**: No columns had >60% missing values
5. **Imputation**: No missing values were present (0 missing after imputation)
6. **Outlier Treatment**: Winsorized all 7 numeric columns at 1st and 99th percentiles
7. **Categorical Encoding**:
   - Binary mapping: gender, smoking, alcohol_consumption, family_history
   - One-hot encoding: physical_activity (with drop_first=True)
8. **Multicollinearity Filter**:
   - No constant columns found
   - No highly correlated columns (abs(correlation) > 0.8)
   - All features passed VIF check (max VIF: 1.02)
9. **Scaling**: Standardized 11 numeric features using Z-score scaling

### Final Output
- **Final shape**: (1000, 12) - 11 features + 1 target
- **Output path**: `data/processed/logistic_ready_train.csv`
- **SHARED_GLOBALS updated**:
  - `logistic_processed_path` = 'data/processed/logistic_ready_train.csv'
  - `logistic_processed_shape` = (1000, 12)

The dataset is now ready for logistic regression training with all features standardized, encoded, and checked for multicollinearity.
------------------------------------------------------------
[2026-07-06 15:00:53] [LOGISTIC_AGENT] CALLING TOOL: Coding_Agent({"request": "Load the preprocessed dataset from 'data/processed/logistic_ready_train.csv' (which is at SHARED_GLOBALS['logistic_processed_path']) and train a Logistic Regression model. Your code should:\n\na. Load the preprocessed dataset using pd.read_csv()\nb. Split the dataset into 80% training and 20% test sets using train_test_split with stratification (stratify=y) to preserve class balance. Set random_state=42 for reproducibility.\nc. Fit a LogisticRegression model with parameters max_iter=1000 and random_state=42 on the training set.\nd. Evaluate the model on the test set and compute/print:\n   - Accuracy Score\n   - AUC-ROC Score (use predict_proba for probability predictions)\n   - Confusion Matrix\n   - Standard Classification Report (precision, recall, f1-score, support)\ne. Save the trained model to 'data/processed/logistic_model.pkl' using joblib.dump()\n\nMake sure to import all necessary libraries (pandas, numpy, sklearn modules, joblib). Print all evaluation metrics clearly with labels."})
[2026-07-06 15:01:25] [LOGISTIC_AGENT] TOOL RESULT: Coding_Agent returned:
I've successfully executed the code. Here's a summary of what was accomplished:

## Summary

✅ **Dataset Loaded**: Loaded the preprocessed dataset from `data/processed/logistic_ready_train.csv`
   - Shape: 1000 rows × 12 columns (11 features + 1 target)
   - Target column: `disease`
   - Balanced classes: 501 samples of class 0, 499 samples of class 1

✅ **Data Split**: Created an 80/20 train-test split with stratification
   - Training set: 800 samples
   - Test set: 200 samples
   - Preserved class balance in both splits

✅ **Model Trained**: Logistic Regression with max_iter=1000 and random_state=42

✅ **Model Evaluation**:
| Metric | Value |
|--------|-------|
| **Accuracy** | 0.7850 (78.5%) |
| **AUC-ROC** | 0.8692 (86.9%) |

**Confusion Matrix:**
```
[[81  19]
 [24  76]]
```
- True Negatives: 81
- False Positives: 19
- False Negatives: 24
- True Positives: 76

**Classification Report Highlights:**
- Class 0 (No disease): Precision=0.77, Recall=0.81, F1=0.79
- Class 1 (Disease): Precision=0.80, Recall=0.76, F1=0.78

✅ **Model Saved**: Successfully saved to `data/processed/logistic_model.pkl`

The model shows good performance with an AUC-ROC of 86.9%, indicating strong discriminatory power between the two classes.
------------------------------------------------------------
[2026-07-06 15:13:01] [LINEAR_ORCHESTRATOR] CALLING TOOL: Coding_Agent({"request": "Analyze SHARED_GLOBALS.raw_data to identify and remove structural anomalies. First, drop any columns that function purely as row identifiers (e.g., columns named 'ID', 'Id', 'index', or 'Unnamed: 0'). Second, calculate the variance of all remaining features and drop any feature that has exactly zero variance (i.e., all values in the column are identical). Update SHARED_GLOBALS.raw_data with the cleaned dataset."})
[2026-07-06 15:13:21] [LINEAR_ORCHESTRATOR] TOOL RESULT: Coding_Agent returned:
## Execution Summary

The structural anomaly analysis completed successfully. Here's what was found:

**Original Dataset:** 1,000 rows × 14 columns

**1. Identifier Columns:**
- No columns named 'ID', 'Id', 'index', or 'Unnamed: 0' were found.
- Note: The column `patient_id` was **not** dropped as it wasn't in the identifier exclusion list.

**2. Zero-Variance Features:**
- Checked 8 numeric columns for variance
- All columns have non-zero variance (values range from 22.64 for `bmi` to 15,799.99 for `cholesterol_mg_dl`)
- No zero-variance columns were found

**Result:** The `SHARED_GLOBALS['raw_data']` remains unchanged with all 14 columns retained, as no structural anomalies matching the specified criteria were detected.
------------------------------------------------------------
[2026-07-06 15:13:27] [LINEAR_ORCHESTRATOR] CALLING TOOL: Coding_Agent({"request": "Identify missing values in SHARED_GLOBALS.raw_data. Impute numerical columns with median and categorical columns with mode. Update SHARED_GLOBALS.raw_data with the imputed dataset."})
[2026-07-06 15:13:53] [LINEAR_ORCHESTRATOR] TOOL RESULT: Coding_Agent returned:
## Summary

I've successfully analyzed the dataset in `SHARED_GLOBALS['raw_data']` for missing values and prepared the imputation logic:

**Dataset Info:**
- **Shape:** 1,000 rows × 14 columns
- **Numerical columns (8):** patient_id, age, glucose_mg_dl, cholesterol_mg_dl, systolic_bp, diastolic_bp, bmi, heart_rate
- **Categorical columns (6):** gender, smoking, alcohol_consumption, physical_activity, family_history, disease

**Missing Values Analysis:**
- **Good news:** The dataset has **no missing values** in any column

**Imputation Strategy Implemented (for future use):**
- Numerical columns → Impute with median
- Categorical columns → Impute with mode (most frequent value)

The imputation function is ready and would automatically handle any missing values if they appear in the dataset. Since there are currently no missing values, the dataset remains unchanged, but `SHARED_GLOBALS['raw_data']` has been updated with the processed version.
------------------------------------------------------------
[2026-07-06 15:13:58] [LINEAR_ORCHESTRATOR] CALLING TOOL: Coding_Agent({"request": "Check for outliers in numerical columns of SHARED_GLOBALS.raw_data using the IQR method. Cap the outliers (Winsorize) and update SHARED_GLOBALS.raw_data with the capped dataset."})
[2026-07-06 15:15:45] [LINEAR_ORCHESTRATOR] TOOL RESULT: Coding_Agent returned:
## Summary

I've successfully checked for outliers in the numerical columns of `SHARED_GLOBALS['raw_data']` using the IQR method and applied Winsorization. Here are the key findings:

### Dataset Overview
- **Shape**: 1,000 rows, 14 columns
- **Numerical columns analyzed**: 7 (excluding `patient_id` which is an identifier)

### Outlier Detection Results (IQR Method)

| Column | Outliers Count | % | Lower Bound | Upper Bound |
|--------|---------------|---|-------------|-------------|
| age | 0 | 0.0% | -21.00 | 123.00 |
| glucose_mg_dl | 0 | 0.0% | 36.00 | 172.00 |
| cholesterol_mg_dl | 0 | 0.0% | 104.62 | 313.62 |
| systolic_bp | 0 | 0.0% | 75.00 | 171.00 |
| diastolic_bp | 0 | 0.0% | 53.00 | 109.00 |
| bmi | 0 | 0.0% | 13.30 | 38.90 |
| heart_rate | 0 | 0.0% | 50.50 | 102.50 |

### Winsorization Applied
- **Result**: The dataset appears to be clean with no outliers detected
- **Outcome**: 0 columns were modified during Winsorization
- **SHARED_GLOBALS['raw_data']** has been updated with the processed dataset

The dataset appears well-cleaned already, as all numerical values fall within their respective IQR bounds. No capping was necessary.
------------------------------------------------------------
[2026-07-06 15:15:50] [LINEAR_ORCHESTRATOR] CALLING TOOL: Coding_Agent({"request": "Check numerical columns of SHARED_GLOBALS.raw_data for high skewness (skew > 1 or < -1). Apply np.log1p to highly skewed columns. Update SHARED_GLOBALS.raw_data."})
[2026-07-06 15:16:12] [LINEAR_ORCHESTRATOR] TOOL RESULT: Coding_Agent returned:
The skewness check has been completed. Here's a summary:

**Numerical columns analyzed:** `patient_id`, `age`, `glucose_mg_dl`, `cholesterol_mg_dl`, `systolic_bp`, `diastolic_bp`, `bmi`, `heart_rate`

**Skewness results:**
- `patient_id`: 0.0000
- `age`: -0.0018
- `glucose_mg_dl`: 0.0350
- `cholesterol_mg_dl`: -0.0330
- `systolic_bp`: -0.0163
- `diastolic_bp`: 0.0014
- `bmi`: 0.0776
- `heart_rate`: -0.0418

**Result:** No highly skewed columns were found (all |skew| ≤ 1). No transformations were applied. `SHARED_GLOBALS['raw_data']` remains unchanged.
------------------------------------------------------------
[2026-07-06 15:16:19] [LINEAR_ORCHESTRATOR] CALLING TOOL: Coding_Agent({"request": "Apply One-Hot Encoding to categorical columns in SHARED_GLOBALS.raw_data. MUST use drop_first=True to avoid dummy variable trap. Update SHARED_GLOBALS.raw_data."})
[2026-07-06 15:16:54] [LINEAR_ORCHESTRATOR] TOOL RESULT: Coding_Agent returned:
**Execution Summary:**

✅ **One-Hot Encoding applied successfully** with `drop_first=True`

**Details:**
- **Original data shape:** (1000, 14)
- **Categorical columns encoded:** gender, smoking, alcohol_consumption, physical_activity, family_history, disease
- **New data shape:** (1000, 15)
- **SHARED_GLOBALS['raw_data']** has been updated with the encoded features

**New column structure:**
- Numerical columns retained: patient_id, age, glucose_mg_dl, cholesterol_mg_dl, systolic_bp, diastolic_bp, bmi, heart_rate
- One-hot encoded columns (drop_first=True):
  - gender → gender_Male
  - smoking → smoking_Yes
  - alcohol_consumption → alcohol_consumption_Yes
  - physical_activity → physical_activity_Low, physical_activity_Medium
  - family_history → family_history_Yes
  - disease → disease_Yes

The dummy variable trap has been avoided by dropping the first category from each categorical variable using `drop_first=True`.
------------------------------------------------------------
[2026-07-06 15:17:02] [LINEAR_ORCHESTRATOR] CALLING TOOL: Coding_Agent({"request": "Identify the top 3 features with the highest absolute correlation to the target column (name specified in SHARED_GLOBALS.target_column). These 3 features, along with the target column, are PROTECTED. Calculate VIF for all features (excluding the target). Iteratively find the UNPROTECTED feature with the highest VIF; if its VIF > 30, drop it and recalculate VIFs. Repeat until no UNPROTECTED feature has VIF > 10. Update SHARED_GLOBALS.raw_data."})
