[2026-07-04 19:49:11] [SYSTEM-INIT] Initializing Linear Orchestrator Pipeline...
[2026-07-04 19:49:11] [SYSTEM-SESSION] Created new session: test_run_01
[2026-07-04 19:49:11] [SYSTEM-START] Kicking off pipeline execution...
[2026-07-04 19:50:14] [SYSTEM-INIT] Initializing Linear Orchestrator Pipeline...
[2026-07-04 19:50:14] [SYSTEM-SESSION] Created new session: test_run_01
[2026-07-04 19:50:14] [SYSTEM-START] Kicking off pipeline execution...
[2026-07-04 20:03:10] [SYSTEM-INIT] Initializing Linear Orchestrator Pipeline...
[2026-07-04 20:03:10] [SYSTEM-SESSION] Created new session: test_run_01
[2026-07-04 20:03:10] [SYSTEM-START] Kicking off pipeline execution...
[2026-07-04 20:05:12] [SYSTEM-INIT] Initializing Linear Orchestrator Pipeline...
[2026-07-04 20:05:12] [SYSTEM-SESSION] Created new session: test_run_01
[2026-07-04 20:05:12] [SYSTEM-START] Kicking off pipeline execution...
[2026-07-04 20:09:16] [SYSTEM-INIT] Initializing Linear Orchestrator Pipeline...
[2026-07-04 20:09:16] [SYSTEM-SESSION] Created new session: test_run_01
[2026-07-04 20:09:16] [SYSTEM-START] Kicking off pipeline execution...
[2026-07-04 20:10:31] [SYSTEM-INIT] Initializing Linear Orchestrator Pipeline...
[2026-07-04 20:10:31] [SYSTEM-SESSION] Created new session: test_run_01
[2026-07-04 20:10:31] [SYSTEM-START] Kicking off pipeline execution...
[2026-07-04 20:12:11] [SYSTEM-INIT] Initializing Linear Orchestrator Pipeline...
[2026-07-04 20:12:11] [SYSTEM-SESSION] Created new session: test_run_01
[2026-07-04 20:12:11] [SYSTEM-START] Kicking off pipeline execution...
[2026-07-04 20:14:17] [SYSTEM-INIT] Initializing Linear Orchestrator Pipeline...
[2026-07-04 20:14:17] [SYSTEM-SESSION] Created new session: test_run_01
[2026-07-04 20:14:17] [SYSTEM-START] Kicking off pipeline execution...
[2026-07-04 20:15:08] [SYSTEM-INIT] Initializing Linear Orchestrator Pipeline...
[2026-07-04 20:15:08] [SYSTEM-SESSION] Created new session: test_run_01
[2026-07-04 20:15:08] [SYSTEM-START] Kicking off pipeline execution...
[2026-07-04 20:16:03] [SYSTEM-INIT] Initializing Linear Orchestrator Pipeline...
[2026-07-04 20:16:03] [SYSTEM-SESSION] Created new session: test_run_01
[2026-07-04 20:16:03] [SYSTEM-START] Kicking off pipeline execution...
[2026-07-04 20:17:04] [SYSTEM-INIT] Initializing Linear Orchestrator Pipeline...
[2026-07-04 20:17:04] [SYSTEM-SESSION] Created new session: test_run_01
[2026-07-04 20:17:04] [SYSTEM-START] Kicking off pipeline execution...
[2026-07-04 20:17:47] [SYSTEM-COMPLETE] Linear Orchestrator Pipeline finished.
[2026-07-04 20:21:21] [SYSTEM-INIT] Initializing Linear Orchestrator Pipeline...
[2026-07-04 20:21:21] [SYSTEM-SESSION] Created new session: test_run_01
[2026-07-04 20:21:21] [SYSTEM-START] Kicking off pipeline execution...
[2026-07-04 20:26:24] [SYSTEM-INIT] Initializing Linear Orchestrator Pipeline...
[2026-07-04 20:26:24] [SYSTEM-SESSION] Created new session: test_run_01
[2026-07-04 20:26:24] [SYSTEM-START] Kicking off pipeline execution...
[2026-07-05 23:19:52] [SYSTEM-INIT] Initializing Linear Orchestrator Pipeline...
[2026-07-05 23:19:52] [SYSTEM-SESSION] Created new session: test_run_01
[2026-07-05 23:19:52] [SYSTEM-START] Kicking off pipeline execution...
[2026-07-05 23:20:35] [SYSTEM-PERSIST] Saving cleaned datasets to data/processed/...
[2026-07-05 23:20:35] [SYSTEM-PERSIST] Successfully saved cleaned datasets to: /home/allen20306/allen/ADEP/ADEP2.0/data/processed
[2026-07-05 23:20:35] [SYSTEM-COMPLETE] Linear Orchestrator Pipeline finished.
[2026-07-05 23:26:54] [SYSTEM-INIT] Initializing Linear Orchestrator Pipeline...
[2026-07-05 23:26:54] [SYSTEM-SESSION] Created new session: test_run_01
[2026-07-05 23:26:54] [SYSTEM-START] Kicking off pipeline execution...
[2026-07-05 23:27:10] [SYSTEM-PERSIST] Saving cleaned datasets to data/processed/...
[2026-07-05 23:27:10] [SYSTEM-PERSIST-FAILED] Could not find train_data/test_data in SHARED_GLOBALS to persist.
[2026-07-05 23:27:10] [SYSTEM-COMPLETE] Linear Orchestrator Pipeline finished.
[2026-07-05 23:28:13] [SYSTEM-INIT] Initializing Linear Orchestrator Pipeline...
[2026-07-05 23:28:13] [SYSTEM-SESSION] Created new session: test_run_01
[2026-07-05 23:28:13] [SYSTEM-START] Kicking off pipeline execution...
[2026-07-05 23:32:24] [SYSTEM-INIT] Initializing Linear Orchestrator Pipeline...
[2026-07-05 23:32:24] [SYSTEM-SESSION] Created new session: test_run_01
[2026-07-05 23:32:24] [SYSTEM-START] Kicking off pipeline execution...
[2026-07-05 23:33:27] [SYSTEM-INIT] Initializing Linear Orchestrator Pipeline...
[2026-07-05 23:33:27] [SYSTEM-SESSION] Created new session: test_run_01
[2026-07-05 23:33:27] [SYSTEM-START] Kicking off pipeline execution...
[2026-07-05 23:36:09] [SYSTEM-INIT] Initializing Linear Orchestrator Pipeline...
[2026-07-05 23:36:09] [SYSTEM-SESSION] Created new session: test_run_01
[2026-07-05 23:36:09] [SYSTEM-START] Kicking off pipeline execution...
[2026-07-05 23:36:49] [SYSTEM-PERSIST] Saving cleaned datasets to data/processed/...
[2026-07-05 23:36:49] [SYSTEM-PERSIST] Successfully saved cleaned datasets to: /home/allen20306/allen/ADEP/ADEP2.0/data/processed
[2026-07-05 23:36:49] [SYSTEM-COMPLETE] Linear Orchestrator Pipeline finished.
[2026-07-05 23:46:02] [SYSTEM-INIT] Initializing Linear Orchestrator Pipeline...
[2026-07-05 23:46:02] [SYSTEM-SESSION] Created new session: test_run_01
[2026-07-05 23:46:02] [SYSTEM-START] Kicking off pipeline execution...
[2026-07-05 23:47:14] [SYSTEM-PERSIST] Saving cleaned datasets to data/processed/...
[2026-07-05 23:47:14] [SYSTEM-PERSIST] Successfully saved cleaned datasets to: /home/allen20306/allen/ADEP/ADEP2.0/data/processed
[2026-07-05 23:47:14] [SYSTEM-COMPLETE] Linear Orchestrator Pipeline finished.
[2026-07-05 23:52:05] [SYSTEM-INIT] Initializing Linear Orchestrator Pipeline...
[2026-07-05 23:52:05] [SYSTEM-SESSION] Created new session: test_run_01
[2026-07-05 23:52:05] [SYSTEM-START] Kicking off pipeline execution...
[2026-07-05 23:53:46] [SYSTEM-INIT] Initializing Linear Orchestrator Pipeline...
[2026-07-05 23:53:46] [SYSTEM-SESSION] Created new session: test_run_01
[2026-07-05 23:53:46] [SYSTEM-START] Kicking off pipeline execution...
[2026-07-05 23:55:52] [SYSTEM-PERSIST] Saving cleaned datasets to data/processed/...
[2026-07-05 23:55:52] [SYSTEM-PERSIST] Successfully saved cleaned datasets to: /home/allen20306/allen/ADEP/ADEP2.0/data/processed
[2026-07-05 23:55:52] [SYSTEM-COMPLETE] Linear Orchestrator Pipeline finished.
[2026-07-06 00:00:06] [SYSTEM-INIT] Initializing Linear Orchestrator Pipeline...
[2026-07-06 00:00:06] [SYSTEM-SESSION] Created new session: test_run_01
[2026-07-06 00:00:06] [SYSTEM-START] Kicking off pipeline execution...
[2026-07-06 00:04:04] [SYSTEM-PERSIST] Saving cleaned datasets to data/processed/...
[2026-07-06 00:04:04] [SYSTEM-PERSIST] Successfully saved cleaned datasets to: /home/allen20306/allen/ADEP/ADEP2.0/data/processed
[2026-07-06 00:04:04] [SYSTEM-COMPLETE] Linear Orchestrator Pipeline finished.
[2026-07-06 00:07:11] [SYSTEM-INIT] Initializing Linear Orchestrator Pipeline...
[2026-07-06 00:07:11] [SYSTEM-SESSION] Created new session: test_run_01
[2026-07-06 00:07:11] [SYSTEM-START] Kicking off pipeline execution...
[2026-07-06 00:09:29] [SYSTEM-PERSIST] Saving cleaned datasets to data/processed/...
[2026-07-06 00:09:30] [SYSTEM-PERSIST] Successfully saved cleaned datasets to: /home/allen20306/allen/ADEP/ADEP2.0/data/processed
[2026-07-06 00:09:30] [SYSTEM-COMPLETE] Linear Orchestrator Pipeline finished.
[2026-07-06 00:14:49] [SYSTEM-INIT] Initializing Linear Orchestrator Pipeline...
[2026-07-06 00:14:49] [SYSTEM-SESSION] Created new session: test_run_01
[2026-07-06 00:14:49] [SYSTEM-START] Kicking off pipeline execution...
[2026-07-06 00:16:26] [SYSTEM-PERSIST] Saving cleaned datasets to data/processed/...
[2026-07-06 00:16:26] [SYSTEM-PERSIST] Successfully saved cleaned datasets to: /home/allen20306/allen/ADEP/ADEP2.0/data/processed
[2026-07-06 00:16:26] [SYSTEM-COMPLETE] Linear Orchestrator Pipeline finished.
[2026-07-06 00:19:36] [SYSTEM-INIT] Initializing Linear Orchestrator Pipeline...
[2026-07-06 00:19:36] [SYSTEM-SESSION] Created new session: test_run_01
[2026-07-06 00:19:36] [SYSTEM-START] Kicking off pipeline execution...
[2026-07-06 00:22:38] [SYSTEM-PERSIST] Saving cleaned datasets to data/processed/...
[2026-07-06 00:22:38] [SYSTEM-PERSIST] Successfully saved cleaned datasets to: /home/allen20306/allen/ADEP/ADEP2.0/data/processed
[2026-07-06 00:22:38] [SYSTEM-COMPLETE] Linear Orchestrator Pipeline finished.
[2026-07-06 00:29:16] [SYSTEM-INIT] Initializing Linear Orchestrator Pipeline...
[2026-07-06 00:29:16] [SYSTEM-SESSION] Created new session: test_run_01
[2026-07-06 00:29:16] [SYSTEM-START] Kicking off pipeline execution...
[2026-07-06 00:34:48] [SYSTEM-PERSIST] Saving cleaned datasets to data/processed/...
[2026-07-06 00:34:48] [SYSTEM-PERSIST] Successfully saved cleaned datasets to: /home/allen20306/allen/ADEP/ADEP2.0/data/processed
[2026-07-06 00:34:48] [SYSTEM-COMPLETE] Linear Orchestrator Pipeline finished.
[2026-07-06 00:40:28] [SYSTEM-INIT] Initializing Linear Orchestrator Pipeline...
[2026-07-06 00:40:28] [SYSTEM-SESSION] Created new session: test_run_01
[2026-07-06 00:40:28] [SYSTEM-START] Kicking off pipeline execution...
[2026-07-06 00:47:42] [SYSTEM-PERSIST] Saving cleaned datasets to data/processed/...
[2026-07-06 00:47:42] [SYSTEM-PERSIST] Successfully saved cleaned datasets to: /home/allen20306/allen/ADEP/ADEP2.0/data/processed
[2026-07-06 00:47:42] [SYSTEM-COMPLETE] Linear Orchestrator Pipeline finished.
